2024-08-17T14:11:47.355Z [31merror[39m: unhandledRejection: Cannot create property 'Symbol(level)' on string 'Request received for signup'
TypeError: Cannot create property 'Symbol(level)' on string 'Request received for signup'
    at DerivedLogger.log (/Users/apple/Documents/personal/shubham/backend/todo/node_modules/winston/lib/winston/logger.js:214:20)
    at signUp (/Users/apple/Documents/personal/shubham/backend/todo/src/controller/user.controller.js:7:10)
    at Layer.handle [as handle_request] (/Users/apple/Documents/personal/shubham/backend/todo/node_modules/express/lib/router/layer.js:95:5)
    at next (/Users/apple/Documents/personal/shubham/backend/todo/node_modules/express/lib/router/route.js:149:13)
    at validationChecker (/Users/apple/Documents/personal/shubham/backend/todo/src/middleware/validationChecker.js:8:3)
    at Layer.handle [as handle_request] (/Users/apple/Documents/personal/shubham/backend/todo/node_modules/express/lib/router/layer.js:95:5)
    at next (/Users/apple/Documents/personal/shubham/backend/todo/node_modules/express/lib/router/route.js:149:13)
    at middleware (/Users/apple/Documents/personal/shubham/backend/todo/node_modules/express-validator/lib/middlewares/check.js:16:13)
    at processTicksAndRejections (node:internal/process/task_queues:96:5)
2024-08-17T14:12:57.915Z [31merror[39m: unhandledRejection: Cannot create property 'Symbol(level)' on string 'Request received for signup'
TypeError: Cannot create property 'Symbol(level)' on string 'Request received for signup'
    at DerivedLogger.log (/Users/apple/Documents/personal/shubham/backend/todo/node_modules/winston/lib/winston/logger.js:214:20)
    at signUp (/Users/apple/Documents/personal/shubham/backend/todo/src/controller/user.controller.js:7:10)
    at Layer.handle [as handle_request] (/Users/apple/Documents/personal/shubham/backend/todo/node_modules/express/lib/router/layer.js:95:5)
    at next (/Users/apple/Documents/personal/shubham/backend/todo/node_modules/express/lib/router/route.js:149:13)
    at validationChecker (/Users/apple/Documents/personal/shubham/backend/todo/src/middleware/validationChecker.js:8:3)
    at Layer.handle [as handle_request] (/Users/apple/Documents/personal/shubham/backend/todo/node_modules/express/lib/router/layer.js:95:5)
    at next (/Users/apple/Documents/personal/shubham/backend/todo/node_modules/express/lib/router/route.js:149:13)
    at middleware (/Users/apple/Documents/personal/shubham/backend/todo/node_modules/express-validator/lib/middlewares/check.js:16:13)
    at processTicksAndRejections (node:internal/process/task_queues:96:5)
2024-08-17T14:13:56.114Z [31merror[39m: unhandledRejection: Cannot create property 'Symbol(level)' on string 'Request received for signup'
TypeError: Cannot create property 'Symbol(level)' on string 'Request received for signup'
    at DerivedLogger.log (/Users/apple/Documents/personal/shubham/backend/todo/node_modules/winston/lib/winston/logger.js:214:20)
    at signUp (/Users/apple/Documents/personal/shubham/backend/todo/src/controller/user.controller.js:7:10)
    at Layer.handle [as handle_request] (/Users/apple/Documents/personal/shubham/backend/todo/node_modules/express/lib/router/layer.js:95:5)
    at next (/Users/apple/Documents/personal/shubham/backend/todo/node_modules/express/lib/router/route.js:149:13)
    at validationChecker (/Users/apple/Documents/personal/shubham/backend/todo/src/middleware/validationChecker.js:8:3)
    at Layer.handle [as handle_request] (/Users/apple/Documents/personal/shubham/backend/todo/node_modules/express/lib/router/layer.js:95:5)
    at next (/Users/apple/Documents/personal/shubham/backend/todo/node_modules/express/lib/router/route.js:149:13)
    at middleware (/Users/apple/Documents/personal/shubham/backend/todo/node_modules/express-validator/lib/middlewares/check.js:16:13)
    at processTicksAndRejections (node:internal/process/task_queues:96:5)
2024-08-17T14:14:23.068Z [31merror[39m: unhandledRejection: colors[Colorizer.allColors[lookup]] is not a function
TypeError: colors[Colorizer.allColors[lookup]] is not a function
    at Colorizer.colorize (/Users/apple/Documents/personal/shubham/backend/todo/node_modules/logform/colorize.js:73:49)
    at Colorizer.transform (/Users/apple/Documents/personal/shubham/backend/todo/node_modules/logform/colorize.js:98:25)
    at Format.transform (/Users/apple/Documents/personal/shubham/backend/todo/node_modules/logform/combine.js:20:24)
    at DerivedLogger._transform (/Users/apple/Documents/personal/shubham/backend/todo/node_modules/winston/lib/winston/logger.js:313:29)
    at DerivedLogger.Transform._read (/Users/apple/Documents/personal/shubham/backend/todo/node_modules/readable-stream/lib/_stream_transform.js:166:10)
    at DerivedLogger.Transform._write (/Users/apple/Documents/personal/shubham/backend/todo/node_modules/readable-stream/lib/_stream_transform.js:155:83)
    at doWrite (/Users/apple/Documents/personal/shubham/backend/todo/node_modules/readable-stream/lib/_stream_writable.js:390:139)
    at writeOrBuffer (/Users/apple/Documents/personal/shubham/backend/todo/node_modules/readable-stream/lib/_stream_writable.js:381:5)
    at DerivedLogger.Writable.write (/Users/apple/Documents/personal/shubham/backend/todo/node_modules/readable-stream/lib/_stream_writable.js:302:11)
    at DerivedLogger.log (/Users/apple/Documents/personal/shubham/backend/todo/node_modules/winston/lib/winston/logger.js:225:14)
2024-08-17T14:14:41.876Z [31merror[39m: unhandledRejection: Cannot create property 'Symbol(level)' on string 'Request received for signup'
TypeError: Cannot create property 'Symbol(level)' on string 'Request received for signup'
    at DerivedLogger.log (/Users/apple/Documents/personal/shubham/backend/todo/node_modules/winston/lib/winston/logger.js:214:20)
    at signUp (/Users/apple/Documents/personal/shubham/backend/todo/src/controller/user.controller.js:7:10)
    at Layer.handle [as handle_request] (/Users/apple/Documents/personal/shubham/backend/todo/node_modules/express/lib/router/layer.js:95:5)
    at next (/Users/apple/Documents/personal/shubham/backend/todo/node_modules/express/lib/router/route.js:149:13)
    at validationChecker (/Users/apple/Documents/personal/shubham/backend/todo/src/middleware/validationChecker.js:8:3)
    at Layer.handle [as handle_request] (/Users/apple/Documents/personal/shubham/backend/todo/node_modules/express/lib/router/layer.js:95:5)
    at next (/Users/apple/Documents/personal/shubham/backend/todo/node_modules/express/lib/router/route.js:149:13)
    at middleware (/Users/apple/Documents/personal/shubham/backend/todo/node_modules/express-validator/lib/middlewares/check.js:16:13)
    at processTicksAndRejections (node:internal/process/task_queues:96:5)
2024-08-17T14:15:33.641Z [31merror[39m: TypeError: Cannot create property 'Symbol(level)' on string 'Request received for signup'
    at DerivedLogger.log (/Users/apple/Documents/personal/shubham/backend/todo/node_modules/winston/lib/winston/logger.js:214:20)
    at signUp (/Users/apple/Documents/personal/shubham/backend/todo/src/controller/user.controller.js:7:10)
    at Layer.handle [as handle_request] (/Users/apple/Documents/personal/shubham/backend/todo/node_modules/express/lib/router/layer.js:95:5)
    at next (/Users/apple/Documents/personal/shubham/backend/todo/node_modules/express/lib/router/route.js:149:13)
    at validationChecker (/Users/apple/Documents/personal/shubham/backend/todo/src/middleware/validationChecker.js:8:3)
    at Layer.handle [as handle_request] (/Users/apple/Documents/personal/shubham/backend/todo/node_modules/express/lib/router/layer.js:95:5)
    at next (/Users/apple/Documents/personal/shubham/backend/todo/node_modules/express/lib/router/route.js:149:13)
    at middleware (/Users/apple/Documents/personal/shubham/backend/todo/node_modules/express-validator/lib/middlewares/check.js:16:13)
    at processTicksAndRejections (node:internal/process/task_queues:96:5)
2024-08-17T17:49:52.980Z [31merror[39m: unhandledRejection: data and hash arguments required
Error: data and hash arguments required
    at Object.compare (/Users/apple/Documents/personal/shubham/backend/todo/node_modules/bcrypt/bcrypt.js:208:17)
    at /Users/apple/Documents/personal/shubham/backend/todo/node_modules/bcrypt/promises.js:29:12
    at new Promise (<anonymous>)
    at Object.module.exports.promise (/Users/apple/Documents/personal/shubham/backend/todo/node_modules/bcrypt/promises.js:20:12)
    at Object.compare (/Users/apple/Documents/personal/shubham/backend/todo/node_modules/bcrypt/bcrypt.js:204:25)
    at login (/Users/apple/Documents/personal/shubham/backend/todo/src/controller/user.controller.js:60:36)
    at Layer.handle [as handle_request] (/Users/apple/Documents/personal/shubham/backend/todo/node_modules/express/lib/router/layer.js:95:5)
    at next (/Users/apple/Documents/personal/shubham/backend/todo/node_modules/express/lib/router/route.js:149:13)
    at validationChecker (/Users/apple/Documents/personal/shubham/backend/todo/src/middleware/validationChecker.js:8:3)
    at Layer.handle [as handle_request] (/Users/apple/Documents/personal/shubham/backend/todo/node_modules/express/lib/router/layer.js:95:5) | {"error":{},"stack":"Error: data and hash arguments required\n    at Object.compare (/Users/apple/Documents/personal/shubham/backend/todo/node_modules/bcrypt/bcrypt.js:208:17)\n    at /Users/apple/Documents/personal/shubham/backend/todo/node_modules/bcrypt/promises.js:29:12\n    at new Promise (<anonymous>)\n    at Object.module.exports.promise (/Users/apple/Documents/personal/shubham/backend/todo/node_modules/bcrypt/promises.js:20:12)\n    at Object.compare (/Users/apple/Documents/personal/shubham/backend/todo/node_modules/bcrypt/bcrypt.js:204:25)\n    at login (/Users/apple/Documents/personal/shubham/backend/todo/src/controller/user.controller.js:60:36)\n    at Layer.handle [as handle_request] (/Users/apple/Documents/personal/shubham/backend/todo/node_modules/express/lib/router/layer.js:95:5)\n    at next (/Users/apple/Documents/personal/shubham/backend/todo/node_modules/express/lib/router/route.js:149:13)\n    at validationChecker (/Users/apple/Documents/personal/shubham/backend/todo/src/middleware/validationChecker.js:8:3)\n    at Layer.handle [as handle_request] (/Users/apple/Documents/personal/shubham/backend/todo/node_modules/express/lib/router/layer.js:95:5)","rejection":true,"date":"Sat Aug 17 2024 23:19:52 GMT+0530 (India Standard Time)","process":{"pid":11914,"uid":501,"gid":20,"cwd":"/Users/apple/Documents/personal/shubham/backend/todo","execPath":"/Users/apple/.nvm/versions/node/v16.20.2/bin/node","version":"v16.20.2","argv":["/Users/apple/.nvm/versions/node/v16.20.2/bin/node","/Users/apple/Documents/personal/shubham/backend/todo/src/app.js"],"memoryUsage":{"rss":47513600,"heapTotal":28114944,"heapUsed":25887952,"external":19447291,"arrayBuffers":18404785}},"os":{"loadavg":[2.30517578125,3.37060546875,3.24169921875],"uptime":45984},"trace":[{"column":17,"file":"/Users/apple/Documents/personal/shubham/backend/todo/node_modules/bcrypt/bcrypt.js","function":"Object.compare","line":208,"method":"compare","native":false},{"column":12,"file":"/Users/apple/Documents/personal/shubham/backend/todo/node_modules/bcrypt/promises.js","function":null,"line":29,"method":null,"native":false},{"column":null,"file":null,"function":"new Promise","line":null,"method":null,"native":false},{"column":12,"file":"/Users/apple/Documents/personal/shubham/backend/todo/node_modules/bcrypt/promises.js","function":"Object.module.exports.promise","line":20,"method":"promise","native":false},{"column":25,"file":"/Users/apple/Documents/personal/shubham/backend/todo/node_modules/bcrypt/bcrypt.js","function":"Object.compare","line":204,"method":"compare","native":false},{"column":36,"file":"/Users/apple/Documents/personal/shubham/backend/todo/src/controller/user.controller.js","function":"login","line":60,"method":null,"native":false},{"column":5,"file":"/Users/apple/Documents/personal/shubham/backend/todo/node_modules/express/lib/router/layer.js","function":"Layer.handle [as handle_request]","line":95,"method":"handle [as handle_request]","native":false},{"column":13,"file":"/Users/apple/Documents/personal/shubham/backend/todo/node_modules/express/lib/router/route.js","function":"next","line":149,"method":null,"native":false},{"column":3,"file":"/Users/apple/Documents/personal/shubham/backend/todo/src/middleware/validationChecker.js","function":"validationChecker","line":8,"method":null,"native":false},{"column":5,"file":"/Users/apple/Documents/personal/shubham/backend/todo/node_modules/express/lib/router/layer.js","function":"Layer.handle [as handle_request]","line":95,"method":"handle [as handle_request]","native":false}]}
2024-08-17T17:50:10.083Z [31merror[39m: unhandledRejection: data and hash arguments required
Error: data and hash arguments required
    at Object.compare (/Users/apple/Documents/personal/shubham/backend/todo/node_modules/bcrypt/bcrypt.js:208:17)
    at /Users/apple/Documents/personal/shubham/backend/todo/node_modules/bcrypt/promises.js:29:12
    at new Promise (<anonymous>)
    at Object.module.exports.promise (/Users/apple/Documents/personal/shubham/backend/todo/node_modules/bcrypt/promises.js:20:12)
    at Object.compare (/Users/apple/Documents/personal/shubham/backend/todo/node_modules/bcrypt/bcrypt.js:204:25)
    at login (/Users/apple/Documents/personal/shubham/backend/todo/src/controller/user.controller.js:60:36)
    at Layer.handle [as handle_request] (/Users/apple/Documents/personal/shubham/backend/todo/node_modules/express/lib/router/layer.js:95:5)
    at next (/Users/apple/Documents/personal/shubham/backend/todo/node_modules/express/lib/router/route.js:149:13)
    at validationChecker (/Users/apple/Documents/personal/shubham/backend/todo/src/middleware/validationChecker.js:8:3)
    at Layer.handle [as handle_request] (/Users/apple/Documents/personal/shubham/backend/todo/node_modules/express/lib/router/layer.js:95:5) | {"error":{},"stack":"Error: data and hash arguments required\n    at Object.compare (/Users/apple/Documents/personal/shubham/backend/todo/node_modules/bcrypt/bcrypt.js:208:17)\n    at /Users/apple/Documents/personal/shubham/backend/todo/node_modules/bcrypt/promises.js:29:12\n    at new Promise (<anonymous>)\n    at Object.module.exports.promise (/Users/apple/Documents/personal/shubham/backend/todo/node_modules/bcrypt/promises.js:20:12)\n    at Object.compare (/Users/apple/Documents/personal/shubham/backend/todo/node_modules/bcrypt/bcrypt.js:204:25)\n    at login (/Users/apple/Documents/personal/shubham/backend/todo/src/controller/user.controller.js:60:36)\n    at Layer.handle [as handle_request] (/Users/apple/Documents/personal/shubham/backend/todo/node_modules/express/lib/router/layer.js:95:5)\n    at next (/Users/apple/Documents/personal/shubham/backend/todo/node_modules/express/lib/router/route.js:149:13)\n    at validationChecker (/Users/apple/Documents/personal/shubham/backend/todo/src/middleware/validationChecker.js:8:3)\n    at Layer.handle [as handle_request] (/Users/apple/Documents/personal/shubham/backend/todo/node_modules/express/lib/router/layer.js:95:5)","rejection":true,"date":"Sat Aug 17 2024 23:20:10 GMT+0530 (India Standard Time)","process":{"pid":13084,"uid":501,"gid":20,"cwd":"/Users/apple/Documents/personal/shubham/backend/todo","execPath":"/Users/apple/.nvm/versions/node/v16.20.2/bin/node","version":"v16.20.2","argv":["/Users/apple/.nvm/versions/node/v16.20.2/bin/node","/Users/apple/Documents/personal/shubham/backend/todo/src/app.js"],"memoryUsage":{"rss":54738944,"heapTotal":60358656,"heapUsed":26397864,"external":22539195,"arrayBuffers":18418392}},"os":{"loadavg":[2.16845703125,3.28662109375,3.2138671875],"uptime":46002},"trace":[{"column":17,"file":"/Users/apple/Documents/personal/shubham/backend/todo/node_modules/bcrypt/bcrypt.js","function":"Object.compare","line":208,"method":"compare","native":false},{"column":12,"file":"/Users/apple/Documents/personal/shubham/backend/todo/node_modules/bcrypt/promises.js","function":null,"line":29,"method":null,"native":false},{"column":null,"file":null,"function":"new Promise","line":null,"method":null,"native":false},{"column":12,"file":"/Users/apple/Documents/personal/shubham/backend/todo/node_modules/bcrypt/promises.js","function":"Object.module.exports.promise","line":20,"method":"promise","native":false},{"column":25,"file":"/Users/apple/Documents/personal/shubham/backend/todo/node_modules/bcrypt/bcrypt.js","function":"Object.compare","line":204,"method":"compare","native":false},{"column":36,"file":"/Users/apple/Documents/personal/shubham/backend/todo/src/controller/user.controller.js","function":"login","line":60,"method":null,"native":false},{"column":5,"file":"/Users/apple/Documents/personal/shubham/backend/todo/node_modules/express/lib/router/layer.js","function":"Layer.handle [as handle_request]","line":95,"method":"handle [as handle_request]","native":false},{"column":13,"file":"/Users/apple/Documents/personal/shubham/backend/todo/node_modules/express/lib/router/route.js","function":"next","line":149,"method":null,"native":false},{"column":3,"file":"/Users/apple/Documents/personal/shubham/backend/todo/src/middleware/validationChecker.js","function":"validationChecker","line":8,"method":null,"native":false},{"column":5,"file":"/Users/apple/Documents/personal/shubham/backend/todo/node_modules/express/lib/router/layer.js","function":"Layer.handle [as handle_request]","line":95,"method":"handle [as handle_request]","native":false}]}
2024-08-17T17:53:26.356Z [31merror[39m: unhandledRejection: data and hash arguments required
Error: data and hash arguments required
    at Object.compare (/Users/apple/Documents/personal/shubham/backend/todo/node_modules/bcrypt/bcrypt.js:208:17)
    at /Users/apple/Documents/personal/shubham/backend/todo/node_modules/bcrypt/promises.js:29:12
    at new Promise (<anonymous>)
    at Object.module.exports.promise (/Users/apple/Documents/personal/shubham/backend/todo/node_modules/bcrypt/promises.js:20:12)
    at Object.compare (/Users/apple/Documents/personal/shubham/backend/todo/node_modules/bcrypt/bcrypt.js:204:25)
    at login (/Users/apple/Documents/personal/shubham/backend/todo/src/controller/auth.controller.js:60:36)
    at Layer.handle [as handle_request] (/Users/apple/Documents/personal/shubham/backend/todo/node_modules/express/lib/router/layer.js:95:5)
    at next (/Users/apple/Documents/personal/shubham/backend/todo/node_modules/express/lib/router/route.js:149:13)
    at validationChecker (/Users/apple/Documents/personal/shubham/backend/todo/src/middleware/validationChecker.js:8:3)
    at Layer.handle [as handle_request] (/Users/apple/Documents/personal/shubham/backend/todo/node_modules/express/lib/router/layer.js:95:5) | {"error":{},"stack":"Error: data and hash arguments required\n    at Object.compare (/Users/apple/Documents/personal/shubham/backend/todo/node_modules/bcrypt/bcrypt.js:208:17)\n    at /Users/apple/Documents/personal/shubham/backend/todo/node_modules/bcrypt/promises.js:29:12\n    at new Promise (<anonymous>)\n    at Object.module.exports.promise (/Users/apple/Documents/personal/shubham/backend/todo/node_modules/bcrypt/promises.js:20:12)\n    at Object.compare (/Users/apple/Documents/personal/shubham/backend/todo/node_modules/bcrypt/bcrypt.js:204:25)\n    at login (/Users/apple/Documents/personal/shubham/backend/todo/src/controller/auth.controller.js:60:36)\n    at Layer.handle [as handle_request] (/Users/apple/Documents/personal/shubham/backend/todo/node_modules/express/lib/router/layer.js:95:5)\n    at next (/Users/apple/Documents/personal/shubham/backend/todo/node_modules/express/lib/router/route.js:149:13)\n    at validationChecker (/Users/apple/Documents/personal/shubham/backend/todo/src/middleware/validationChecker.js:8:3)\n    at Layer.handle [as handle_request] (/Users/apple/Documents/personal/shubham/backend/todo/node_modules/express/lib/router/layer.js:95:5)","rejection":true,"date":"Sat Aug 17 2024 23:23:26 GMT+0530 (India Standard Time)","process":{"pid":15911,"uid":501,"gid":20,"cwd":"/Users/apple/Documents/personal/shubham/backend/todo","execPath":"/Users/apple/.nvm/versions/node/v16.20.2/bin/node","version":"v16.20.2","argv":["/Users/apple/.nvm/versions/node/v16.20.2/bin/node","/Users/apple/Documents/personal/shubham/backend/todo/src/app.js"],"memoryUsage":{"rss":52150272,"heapTotal":27590656,"heapUsed":25217864,"external":19373483,"arrayBuffers":18311781}},"os":{"loadavg":[3.86083984375,3.6435546875,3.3857421875],"uptime":46198},"trace":[{"column":17,"file":"/Users/apple/Documents/personal/shubham/backend/todo/node_modules/bcrypt/bcrypt.js","function":"Object.compare","line":208,"method":"compare","native":false},{"column":12,"file":"/Users/apple/Documents/personal/shubham/backend/todo/node_modules/bcrypt/promises.js","function":null,"line":29,"method":null,"native":false},{"column":null,"file":null,"function":"new Promise","line":null,"method":null,"native":false},{"column":12,"file":"/Users/apple/Documents/personal/shubham/backend/todo/node_modules/bcrypt/promises.js","function":"Object.module.exports.promise","line":20,"method":"promise","native":false},{"column":25,"file":"/Users/apple/Documents/personal/shubham/backend/todo/node_modules/bcrypt/bcrypt.js","function":"Object.compare","line":204,"method":"compare","native":false},{"column":36,"file":"/Users/apple/Documents/personal/shubham/backend/todo/src/controller/auth.controller.js","function":"login","line":60,"method":null,"native":false},{"column":5,"file":"/Users/apple/Documents/personal/shubham/backend/todo/node_modules/express/lib/router/layer.js","function":"Layer.handle [as handle_request]","line":95,"method":"handle [as handle_request]","native":false},{"column":13,"file":"/Users/apple/Documents/personal/shubham/backend/todo/node_modules/express/lib/router/route.js","function":"next","line":149,"method":null,"native":false},{"column":3,"file":"/Users/apple/Documents/personal/shubham/backend/todo/src/middleware/validationChecker.js","function":"validationChecker","line":8,"method":null,"native":false},{"column":5,"file":"/Users/apple/Documents/personal/shubham/backend/todo/node_modules/express/lib/router/layer.js","function":"Layer.handle [as handle_request]","line":95,"method":"handle [as handle_request]","native":false}]}
2024-08-17T17:53:54.369Z [31merror[39m: unhandledRejection: data and hash arguments required
Error: data and hash arguments required
    at Object.compare (/Users/apple/Documents/personal/shubham/backend/todo/node_modules/bcrypt/bcrypt.js:208:17)
    at /Users/apple/Documents/personal/shubham/backend/todo/node_modules/bcrypt/promises.js:29:12
    at new Promise (<anonymous>)
    at Object.module.exports.promise (/Users/apple/Documents/personal/shubham/backend/todo/node_modules/bcrypt/promises.js:20:12)
    at Object.compare (/Users/apple/Documents/personal/shubham/backend/todo/node_modules/bcrypt/bcrypt.js:204:25)
    at login (/Users/apple/Documents/personal/shubham/backend/todo/src/controller/auth.controller.js:60:36)
    at Layer.handle [as handle_request] (/Users/apple/Documents/personal/shubham/backend/todo/node_modules/express/lib/router/layer.js:95:5)
    at next (/Users/apple/Documents/personal/shubham/backend/todo/node_modules/express/lib/router/route.js:149:13)
    at validationChecker (/Users/apple/Documents/personal/shubham/backend/todo/src/middleware/validationChecker.js:8:3)
    at Layer.handle [as handle_request] (/Users/apple/Documents/personal/shubham/backend/todo/node_modules/express/lib/router/layer.js:95:5) | {"error":{},"stack":"Error: data and hash arguments required\n    at Object.compare (/Users/apple/Documents/personal/shubham/backend/todo/node_modules/bcrypt/bcrypt.js:208:17)\n    at /Users/apple/Documents/personal/shubham/backend/todo/node_modules/bcrypt/promises.js:29:12\n    at new Promise (<anonymous>)\n    at Object.module.exports.promise (/Users/apple/Documents/personal/shubham/backend/todo/node_modules/bcrypt/promises.js:20:12)\n    at Object.compare (/Users/apple/Documents/personal/shubham/backend/todo/node_modules/bcrypt/bcrypt.js:204:25)\n    at login (/Users/apple/Documents/personal/shubham/backend/todo/src/controller/auth.controller.js:60:36)\n    at Layer.handle [as handle_request] (/Users/apple/Documents/personal/shubham/backend/todo/node_modules/express/lib/router/layer.js:95:5)\n    at next (/Users/apple/Documents/personal/shubham/backend/todo/node_modules/express/lib/router/route.js:149:13)\n    at validationChecker (/Users/apple/Documents/personal/shubham/backend/todo/src/middleware/validationChecker.js:8:3)\n    at Layer.handle [as handle_request] (/Users/apple/Documents/personal/shubham/backend/todo/node_modules/express/lib/router/layer.js:95:5)","rejection":true,"date":"Sat Aug 17 2024 23:23:54 GMT+0530 (India Standard Time)","process":{"pid":16251,"uid":501,"gid":20,"cwd":"/Users/apple/Documents/personal/shubham/backend/todo","execPath":"/Users/apple/.nvm/versions/node/v16.20.2/bin/node","version":"v16.20.2","argv":["/Users/apple/.nvm/versions/node/v16.20.2/bin/node","/Users/apple/Documents/personal/shubham/backend/todo/src/app.js"],"memoryUsage":{"rss":45809664,"heapTotal":28377088,"heapUsed":25439496,"external":19295531,"arrayBuffers":18320244}},"os":{"loadavg":[3.57177734375,3.59130859375,3.37353515625],"uptime":46226},"trace":[{"column":17,"file":"/Users/apple/Documents/personal/shubham/backend/todo/node_modules/bcrypt/bcrypt.js","function":"Object.compare","line":208,"method":"compare","native":false},{"column":12,"file":"/Users/apple/Documents/personal/shubham/backend/todo/node_modules/bcrypt/promises.js","function":null,"line":29,"method":null,"native":false},{"column":null,"file":null,"function":"new Promise","line":null,"method":null,"native":false},{"column":12,"file":"/Users/apple/Documents/personal/shubham/backend/todo/node_modules/bcrypt/promises.js","function":"Object.module.exports.promise","line":20,"method":"promise","native":false},{"column":25,"file":"/Users/apple/Documents/personal/shubham/backend/todo/node_modules/bcrypt/bcrypt.js","function":"Object.compare","line":204,"method":"compare","native":false},{"column":36,"file":"/Users/apple/Documents/personal/shubham/backend/todo/src/controller/auth.controller.js","function":"login","line":60,"method":null,"native":false},{"column":5,"file":"/Users/apple/Documents/personal/shubham/backend/todo/node_modules/express/lib/router/layer.js","function":"Layer.handle [as handle_request]","line":95,"method":"handle [as handle_request]","native":false},{"column":13,"file":"/Users/apple/Documents/personal/shubham/backend/todo/node_modules/express/lib/router/route.js","function":"next","line":149,"method":null,"native":false},{"column":3,"file":"/Users/apple/Documents/personal/shubham/backend/todo/src/middleware/validationChecker.js","function":"validationChecker","line":8,"method":null,"native":false},{"column":5,"file":"/Users/apple/Documents/personal/shubham/backend/todo/node_modules/express/lib/router/layer.js","function":"Layer.handle [as handle_request]","line":95,"method":"handle [as handle_request]","native":false}]}
2024-08-17T17:54:07.021Z [31merror[39m: unhandledRejection: data and hash arguments required
Error: data and hash arguments required
    at Object.compare (/Users/apple/Documents/personal/shubham/backend/todo/node_modules/bcrypt/bcrypt.js:208:17)
    at /Users/apple/Documents/personal/shubham/backend/todo/node_modules/bcrypt/promises.js:29:12
    at new Promise (<anonymous>)
    at Object.module.exports.promise (/Users/apple/Documents/personal/shubham/backend/todo/node_modules/bcrypt/promises.js:20:12)
    at Object.compare (/Users/apple/Documents/personal/shubham/backend/todo/node_modules/bcrypt/bcrypt.js:204:25)
    at login (/Users/apple/Documents/personal/shubham/backend/todo/src/controller/auth.controller.js:60:36)
    at Layer.handle [as handle_request] (/Users/apple/Documents/personal/shubham/backend/todo/node_modules/express/lib/router/layer.js:95:5)
    at next (/Users/apple/Documents/personal/shubham/backend/todo/node_modules/express/lib/router/route.js:149:13)
    at validationChecker (/Users/apple/Documents/personal/shubham/backend/todo/src/middleware/validationChecker.js:8:3)
    at Layer.handle [as handle_request] (/Users/apple/Documents/personal/shubham/backend/todo/node_modules/express/lib/router/layer.js:95:5) | {"error":{},"stack":"Error: data and hash arguments required\n    at Object.compare (/Users/apple/Documents/personal/shubham/backend/todo/node_modules/bcrypt/bcrypt.js:208:17)\n    at /Users/apple/Documents/personal/shubham/backend/todo/node_modules/bcrypt/promises.js:29:12\n    at new Promise (<anonymous>)\n    at Object.module.exports.promise (/Users/apple/Documents/personal/shubham/backend/todo/node_modules/bcrypt/promises.js:20:12)\n    at Object.compare (/Users/apple/Documents/personal/shubham/backend/todo/node_modules/bcrypt/bcrypt.js:204:25)\n    at login (/Users/apple/Documents/personal/shubham/backend/todo/src/controller/auth.controller.js:60:36)\n    at Layer.handle [as handle_request] (/Users/apple/Documents/personal/shubham/backend/todo/node_modules/express/lib/router/layer.js:95:5)\n    at next (/Users/apple/Documents/personal/shubham/backend/todo/node_modules/express/lib/router/route.js:149:13)\n    at validationChecker (/Users/apple/Documents/personal/shubham/backend/todo/src/middleware/validationChecker.js:8:3)\n    at Layer.handle [as handle_request] (/Users/apple/Documents/personal/shubham/backend/todo/node_modules/express/lib/router/layer.js:95:5)","rejection":true,"date":"Sat Aug 17 2024 23:24:07 GMT+0530 (India Standard Time)","process":{"pid":16647,"uid":501,"gid":20,"cwd":"/Users/apple/Documents/personal/shubham/backend/todo","execPath":"/Users/apple/.nvm/versions/node/v16.20.2/bin/node","version":"v16.20.2","argv":["/Users/apple/.nvm/versions/node/v16.20.2/bin/node","/Users/apple/Documents/personal/shubham/backend/todo/src/app.js"],"memoryUsage":{"rss":62668800,"heapTotal":60358656,"heapUsed":26575552,"external":25228817,"arrayBuffers":18418103}},"os":{"loadavg":[4.91796875,3.88818359375,3.48291015625],"uptime":46239},"trace":[{"column":17,"file":"/Users/apple/Documents/personal/shubham/backend/todo/node_modules/bcrypt/bcrypt.js","function":"Object.compare","line":208,"method":"compare","native":false},{"column":12,"file":"/Users/apple/Documents/personal/shubham/backend/todo/node_modules/bcrypt/promises.js","function":null,"line":29,"method":null,"native":false},{"column":null,"file":null,"function":"new Promise","line":null,"method":null,"native":false},{"column":12,"file":"/Users/apple/Documents/personal/shubham/backend/todo/node_modules/bcrypt/promises.js","function":"Object.module.exports.promise","line":20,"method":"promise","native":false},{"column":25,"file":"/Users/apple/Documents/personal/shubham/backend/todo/node_modules/bcrypt/bcrypt.js","function":"Object.compare","line":204,"method":"compare","native":false},{"column":36,"file":"/Users/apple/Documents/personal/shubham/backend/todo/src/controller/auth.controller.js","function":"login","line":60,"method":null,"native":false},{"column":5,"file":"/Users/apple/Documents/personal/shubham/backend/todo/node_modules/express/lib/router/layer.js","function":"Layer.handle [as handle_request]","line":95,"method":"handle [as handle_request]","native":false},{"column":13,"file":"/Users/apple/Documents/personal/shubham/backend/todo/node_modules/express/lib/router/route.js","function":"next","line":149,"method":null,"native":false},{"column":3,"file":"/Users/apple/Documents/personal/shubham/backend/todo/src/middleware/validationChecker.js","function":"validationChecker","line":8,"method":null,"native":false},{"column":5,"file":"/Users/apple/Documents/personal/shubham/backend/todo/node_modules/express/lib/router/layer.js","function":"Layer.handle [as handle_request]","line":95,"method":"handle [as handle_request]","native":false}]}
2024-08-17T18:08:51.131Z [31merror[39m: unhandledRejection: Cannot read properties of null (reading 'toObject')
TypeError: Cannot read properties of null (reading 'toObject')
    at getProfile (/Users/apple/Documents/personal/shubham/backend/todo/src/controller/user.controller.js:13:31)
    at processTicksAndRejections (node:internal/process/task_queues:96:5) | {"error":{},"stack":"TypeError: Cannot read properties of null (reading 'toObject')\n    at getProfile (/Users/apple/Documents/personal/shubham/backend/todo/src/controller/user.controller.js:13:31)\n    at processTicksAndRejections (node:internal/process/task_queues:96:5)","rejection":true,"date":"Sat Aug 17 2024 23:38:51 GMT+0530 (India Standard Time)","process":{"pid":28917,"uid":501,"gid":20,"cwd":"/Users/apple/Documents/personal/shubham/backend/todo","execPath":"/Users/apple/.nvm/versions/node/v16.20.2/bin/node","version":"v16.20.2","argv":["/Users/apple/.nvm/versions/node/v16.20.2/bin/node","/Users/apple/Documents/personal/shubham/backend/todo/src/app.js"],"memoryUsage":{"rss":54378496,"heapTotal":30851072,"heapUsed":28551080,"external":19358396,"arrayBuffers":18337058}},"os":{"loadavg":[2.455078125,3.05126953125,3.14306640625],"uptime":47123},"trace":[{"column":31,"file":"/Users/apple/Documents/personal/shubham/backend/todo/src/controller/user.controller.js","function":"getProfile","line":13,"method":null,"native":false},{"column":5,"file":"node:internal/process/task_queues","function":"processTicksAndRejections","line":96,"method":null,"native":false}]}
2024-08-17T18:25:36.672Z [31merror[39m: unhandledRejection: data and hash arguments required
Error: data and hash arguments required
    at Object.compare (/Users/apple/Documents/personal/shubham/backend/todo/node_modules/bcrypt/bcrypt.js:208:17)
    at /Users/apple/Documents/personal/shubham/backend/todo/node_modules/bcrypt/promises.js:29:12
    at new Promise (<anonymous>)
    at Object.module.exports.promise (/Users/apple/Documents/personal/shubham/backend/todo/node_modules/bcrypt/promises.js:20:12)
    at Object.compare (/Users/apple/Documents/personal/shubham/backend/todo/node_modules/bcrypt/bcrypt.js:204:25)
    at changePassword (/Users/apple/Documents/personal/shubham/backend/todo/src/controller/user.controller.js:62:42)
    at processTicksAndRejections (node:internal/process/task_queues:96:5) | {"error":{},"stack":"Error: data and hash arguments required\n    at Object.compare (/Users/apple/Documents/personal/shubham/backend/todo/node_modules/bcrypt/bcrypt.js:208:17)\n    at /Users/apple/Documents/personal/shubham/backend/todo/node_modules/bcrypt/promises.js:29:12\n    at new Promise (<anonymous>)\n    at Object.module.exports.promise (/Users/apple/Documents/personal/shubham/backend/todo/node_modules/bcrypt/promises.js:20:12)\n    at Object.compare (/Users/apple/Documents/personal/shubham/backend/todo/node_modules/bcrypt/bcrypt.js:204:25)\n    at changePassword (/Users/apple/Documents/personal/shubham/backend/todo/src/controller/user.controller.js:62:42)\n    at processTicksAndRejections (node:internal/process/task_queues:96:5)","rejection":true,"date":"Sat Aug 17 2024 23:55:36 GMT+0530 (India Standard Time)","process":{"pid":43991,"uid":501,"gid":20,"cwd":"/Users/apple/Documents/personal/shubham/backend/todo","execPath":"/Users/apple/.nvm/versions/node/v16.20.2/bin/node","version":"v16.20.2","argv":["/Users/apple/.nvm/versions/node/v16.20.2/bin/node","/Users/apple/Documents/personal/shubham/backend/todo/src/app.js"],"memoryUsage":{"rss":64749568,"heapTotal":30588928,"heapUsed":28439544,"external":19407332,"arrayBuffers":18299140}},"os":{"loadavg":[3.01123046875,3.34765625,3.4228515625],"uptime":48128},"trace":[{"column":17,"file":"/Users/apple/Documents/personal/shubham/backend/todo/node_modules/bcrypt/bcrypt.js","function":"Object.compare","line":208,"method":"compare","native":false},{"column":12,"file":"/Users/apple/Documents/personal/shubham/backend/todo/node_modules/bcrypt/promises.js","function":null,"line":29,"method":null,"native":false},{"column":null,"file":null,"function":"new Promise","line":null,"method":null,"native":false},{"column":12,"file":"/Users/apple/Documents/personal/shubham/backend/todo/node_modules/bcrypt/promises.js","function":"Object.module.exports.promise","line":20,"method":"promise","native":false},{"column":25,"file":"/Users/apple/Documents/personal/shubham/backend/todo/node_modules/bcrypt/bcrypt.js","function":"Object.compare","line":204,"method":"compare","native":false},{"column":42,"file":"/Users/apple/Documents/personal/shubham/backend/todo/src/controller/user.controller.js","function":"changePassword","line":62,"method":null,"native":false},{"column":5,"file":"node:internal/process/task_queues","function":"processTicksAndRejections","line":96,"method":null,"native":false}]}
2024-08-17T18:26:57.274Z [31merror[39m: unhandledRejection: email is not defined
ReferenceError: email is not defined
    at changePassword (/Users/apple/Documents/personal/shubham/backend/todo/src/controller/user.controller.js:67:42) | {"error":{},"stack":"ReferenceError: email is not defined\n    at changePassword (/Users/apple/Documents/personal/shubham/backend/todo/src/controller/user.controller.js:67:42)","rejection":true,"date":"Sat Aug 17 2024 23:56:57 GMT+0530 (India Standard Time)","process":{"pid":45065,"uid":501,"gid":20,"cwd":"/Users/apple/Documents/personal/shubham/backend/todo","execPath":"/Users/apple/.nvm/versions/node/v16.20.2/bin/node","version":"v16.20.2","argv":["/Users/apple/.nvm/versions/node/v16.20.2/bin/node","/Users/apple/Documents/personal/shubham/backend/todo/src/app.js"],"memoryUsage":{"rss":53297152,"heapTotal":31637504,"heapUsed":28592736,"external":19329018,"arrayBuffers":18303965}},"os":{"loadavg":[4.2705078125,3.58154296875,3.49658203125],"uptime":48209},"trace":[{"column":42,"file":"/Users/apple/Documents/personal/shubham/backend/todo/src/controller/user.controller.js","function":"changePassword","line":67,"method":null,"native":false}]}
