2024-08-17T14:11:47.355Z [31merror[39m: unhandledRejection: Cannot create property 'Symbol(level)' on string 'Request received for signup'
TypeError: Cannot create property 'Symbol(level)' on string 'Request received for signup'
    at DerivedLogger.log (/Users/apple/Documents/personal/shubham/backend/todo/node_modules/winston/lib/winston/logger.js:214:20)
    at signUp (/Users/apple/Documents/personal/shubham/backend/todo/src/controller/user.controller.js:7:10)
    at Layer.handle [as handle_request] (/Users/apple/Documents/personal/shubham/backend/todo/node_modules/express/lib/router/layer.js:95:5)
    at next (/Users/apple/Documents/personal/shubham/backend/todo/node_modules/express/lib/router/route.js:149:13)
    at validationChecker (/Users/apple/Documents/personal/shubham/backend/todo/src/middleware/validationChecker.js:8:3)
    at Layer.handle [as handle_request] (/Users/apple/Documents/personal/shubham/backend/todo/node_modules/express/lib/router/layer.js:95:5)
    at next (/Users/apple/Documents/personal/shubham/backend/todo/node_modules/express/lib/router/route.js:149:13)
    at middleware (/Users/apple/Documents/personal/shubham/backend/todo/node_modules/express-validator/lib/middlewares/check.js:16:13)
    at processTicksAndRejections (node:internal/process/task_queues:96:5)
2024-08-17T14:12:57.915Z [31merror[39m: unhandledRejection: Cannot create property 'Symbol(level)' on string 'Request received for signup'
TypeError: Cannot create property 'Symbol(level)' on string 'Request received for signup'
    at DerivedLogger.log (/Users/apple/Documents/personal/shubham/backend/todo/node_modules/winston/lib/winston/logger.js:214:20)
    at signUp (/Users/apple/Documents/personal/shubham/backend/todo/src/controller/user.controller.js:7:10)
    at Layer.handle [as handle_request] (/Users/apple/Documents/personal/shubham/backend/todo/node_modules/express/lib/router/layer.js:95:5)
    at next (/Users/apple/Documents/personal/shubham/backend/todo/node_modules/express/lib/router/route.js:149:13)
    at validationChecker (/Users/apple/Documents/personal/shubham/backend/todo/src/middleware/validationChecker.js:8:3)
    at Layer.handle [as handle_request] (/Users/apple/Documents/personal/shubham/backend/todo/node_modules/express/lib/router/layer.js:95:5)
    at next (/Users/apple/Documents/personal/shubham/backend/todo/node_modules/express/lib/router/route.js:149:13)
    at middleware (/Users/apple/Documents/personal/shubham/backend/todo/node_modules/express-validator/lib/middlewares/check.js:16:13)
    at processTicksAndRejections (node:internal/process/task_queues:96:5)
2024-08-17T14:13:56.114Z [31merror[39m: unhandledRejection: Cannot create property 'Symbol(level)' on string 'Request received for signup'
TypeError: Cannot create property 'Symbol(level)' on string 'Request received for signup'
    at DerivedLogger.log (/Users/apple/Documents/personal/shubham/backend/todo/node_modules/winston/lib/winston/logger.js:214:20)
    at signUp (/Users/apple/Documents/personal/shubham/backend/todo/src/controller/user.controller.js:7:10)
    at Layer.handle [as handle_request] (/Users/apple/Documents/personal/shubham/backend/todo/node_modules/express/lib/router/layer.js:95:5)
    at next (/Users/apple/Documents/personal/shubham/backend/todo/node_modules/express/lib/router/route.js:149:13)
    at validationChecker (/Users/apple/Documents/personal/shubham/backend/todo/src/middleware/validationChecker.js:8:3)
    at Layer.handle [as handle_request] (/Users/apple/Documents/personal/shubham/backend/todo/node_modules/express/lib/router/layer.js:95:5)
    at next (/Users/apple/Documents/personal/shubham/backend/todo/node_modules/express/lib/router/route.js:149:13)
    at middleware (/Users/apple/Documents/personal/shubham/backend/todo/node_modules/express-validator/lib/middlewares/check.js:16:13)
    at processTicksAndRejections (node:internal/process/task_queues:96:5)
2024-08-17T14:14:23.068Z [31merror[39m: unhandledRejection: colors[Colorizer.allColors[lookup]] is not a function
TypeError: colors[Colorizer.allColors[lookup]] is not a function
    at Colorizer.colorize (/Users/apple/Documents/personal/shubham/backend/todo/node_modules/logform/colorize.js:73:49)
    at Colorizer.transform (/Users/apple/Documents/personal/shubham/backend/todo/node_modules/logform/colorize.js:98:25)
    at Format.transform (/Users/apple/Documents/personal/shubham/backend/todo/node_modules/logform/combine.js:20:24)
    at DerivedLogger._transform (/Users/apple/Documents/personal/shubham/backend/todo/node_modules/winston/lib/winston/logger.js:313:29)
    at DerivedLogger.Transform._read (/Users/apple/Documents/personal/shubham/backend/todo/node_modules/readable-stream/lib/_stream_transform.js:166:10)
    at DerivedLogger.Transform._write (/Users/apple/Documents/personal/shubham/backend/todo/node_modules/readable-stream/lib/_stream_transform.js:155:83)
    at doWrite (/Users/apple/Documents/personal/shubham/backend/todo/node_modules/readable-stream/lib/_stream_writable.js:390:139)
    at writeOrBuffer (/Users/apple/Documents/personal/shubham/backend/todo/node_modules/readable-stream/lib/_stream_writable.js:381:5)
    at DerivedLogger.Writable.write (/Users/apple/Documents/personal/shubham/backend/todo/node_modules/readable-stream/lib/_stream_writable.js:302:11)
    at DerivedLogger.log (/Users/apple/Documents/personal/shubham/backend/todo/node_modules/winston/lib/winston/logger.js:225:14)
2024-08-17T14:14:41.876Z [31merror[39m: unhandledRejection: Cannot create property 'Symbol(level)' on string 'Request received for signup'
TypeError: Cannot create property 'Symbol(level)' on string 'Request received for signup'
    at DerivedLogger.log (/Users/apple/Documents/personal/shubham/backend/todo/node_modules/winston/lib/winston/logger.js:214:20)
    at signUp (/Users/apple/Documents/personal/shubham/backend/todo/src/controller/user.controller.js:7:10)
    at Layer.handle [as handle_request] (/Users/apple/Documents/personal/shubham/backend/todo/node_modules/express/lib/router/layer.js:95:5)
    at next (/Users/apple/Documents/personal/shubham/backend/todo/node_modules/express/lib/router/route.js:149:13)
    at validationChecker (/Users/apple/Documents/personal/shubham/backend/todo/src/middleware/validationChecker.js:8:3)
    at Layer.handle [as handle_request] (/Users/apple/Documents/personal/shubham/backend/todo/node_modules/express/lib/router/layer.js:95:5)
    at next (/Users/apple/Documents/personal/shubham/backend/todo/node_modules/express/lib/router/route.js:149:13)
    at middleware (/Users/apple/Documents/personal/shubham/backend/todo/node_modules/express-validator/lib/middlewares/check.js:16:13)
    at processTicksAndRejections (node:internal/process/task_queues:96:5)
2024-08-17T14:15:33.641Z [31merror[39m: TypeError: Cannot create property 'Symbol(level)' on string 'Request received for signup'
    at DerivedLogger.log (/Users/apple/Documents/personal/shubham/backend/todo/node_modules/winston/lib/winston/logger.js:214:20)
    at signUp (/Users/apple/Documents/personal/shubham/backend/todo/src/controller/user.controller.js:7:10)
    at Layer.handle [as handle_request] (/Users/apple/Documents/personal/shubham/backend/todo/node_modules/express/lib/router/layer.js:95:5)
    at next (/Users/apple/Documents/personal/shubham/backend/todo/node_modules/express/lib/router/route.js:149:13)
    at validationChecker (/Users/apple/Documents/personal/shubham/backend/todo/src/middleware/validationChecker.js:8:3)
    at Layer.handle [as handle_request] (/Users/apple/Documents/personal/shubham/backend/todo/node_modules/express/lib/router/layer.js:95:5)
    at next (/Users/apple/Documents/personal/shubham/backend/todo/node_modules/express/lib/router/route.js:149:13)
    at middleware (/Users/apple/Documents/personal/shubham/backend/todo/node_modules/express-validator/lib/middlewares/check.js:16:13)
    at processTicksAndRejections (node:internal/process/task_queues:96:5)
